<?xml version="1.0" encoding="UTF-8"?>
<testsuite name="aps.microservice.miniautorizador.usecase.cartao.CreateCartaoUserCaseTest" tests="2" skipped="0" failures="0" errors="0" timestamp="2023-01-31T16:16:29" hostname="APs-MacBook-Pro.local" time="0.217">
  <properties/>
  <testcase name="testCreateCartao_whenNumeroCartaoAlreadyExists_throwsException()" classname="aps.microservice.miniautorizador.usecase.cartao.CreateCartaoUserCaseTest" time="0.211"/>
  <testcase name="testCreateCartao()" classname="aps.microservice.miniautorizador.usecase.cartao.CreateCartaoUserCaseTest" time="0.004"/>
  <system-out><![CDATA[2023-01-31T12:16:29.799-04:00  WARN 18046 --- [    Test worker] a.m.m.u.cartao.CreateCartaoUseCase       : Cartão com o número 1234567890123456 já existe
]]></system-out>
  <system-err><![CDATA[]]></system-err>
</testsuite>
