<?xml version="1.0" encoding="UTF-8"?>
<testsuite name="aps.microservice.miniautorizador.repository.CartaoRepositoryTest" tests="2" skipped="0" failures="0" errors="0" timestamp="2023-01-31T16:16:29" hostname="APs-MacBook-Pro.local" time="0.322">
  <properties/>
  <testcase name="whenFindByNumeroCartao_thenReturnEmptyOptional()" classname="aps.microservice.miniautorizador.repository.CartaoRepositoryTest" time="0.23"/>
  <testcase name="whenFindByNumeroCartao_thenReturnCartao()" classname="aps.microservice.miniautorizador.repository.CartaoRepositoryTest" time="0.089"/>
  <system-out><![CDATA[2023-01-31T12:16:29.212-04:00  INFO 18046 --- [    Test worker] t.c.s.AnnotationConfigContextLoaderUtils : Could not detect default configuration classes for test class [aps.microservice.miniautorizador.repository.CartaoRepositoryTest]: CartaoRepositoryTest does not declare any static, non-private, non-final, nested classes annotated with @Configuration.
2023-01-31T12:16:29.254-04:00  INFO 18046 --- [    Test worker] .b.t.c.SpringBootTestContextBootstrapper : Found @SpringBootConfiguration aps.microservice.miniautorizador.MiniautorizadorApplication for test class aps.microservice.miniautorizador.repository.CartaoRepositoryTest
Hibernate: select c1_0.id,c1_0.numero_cartao,c1_0.saldo,c1_0.senha from cartao c1_0 where c1_0.numero_cartao=?
Hibernate: insert into cartao (numero_cartao, saldo, senha, id) values (?, ?, ?, ?)
Hibernate: select c1_0.id,c1_0.numero_cartao,c1_0.saldo,c1_0.senha from cartao c1_0 where c1_0.numero_cartao=?
]]></system-out>
  <system-err><![CDATA[]]></system-err>
</testsuite>
