<?xml version="1.0" encoding="UTF-8"?>
<testsuite name="aps.microservice.miniautorizador.usecase.cartao.GetCartaoUseCaseTest" tests="2" skipped="0" failures="0" errors="0" timestamp="2023-01-31T16:16:29" hostname="APs-MacBook-Pro.local" time="0.007">
  <properties/>
  <testcase name="testGetSaldo()" classname="aps.microservice.miniautorizador.usecase.cartao.GetCartaoUseCaseTest" time="0.004"/>
  <testcase name="testGetSaldo_whenNumeroCartaoDoesntExist()" classname="aps.microservice.miniautorizador.usecase.cartao.GetCartaoUseCaseTest" time="0.002"/>
  <system-out><![CDATA[]]></system-out>
  <system-err><![CDATA[]]></system-err>
</testsuite>
