<?xml version="1.0" encoding="UTF-8"?>
<testsuite name="aps.microservice.miniautorizador.service.CartaoServiceTest" tests="4" skipped="0" failures="0" errors="0" timestamp="2023-01-31T15:18:03" hostname="APs-MacBook-Pro.local" time="0.248">
  <properties/>
  <testcase name="testGetSaldo()" classname="aps.microservice.miniautorizador.service.CartaoServiceTest" time="0.236"/>
  <testcase name="testCreateCartao_whenNumeroCartaoAlreadyExists_throwsException()" classname="aps.microservice.miniautorizador.service.CartaoServiceTest" time="0.003"/>
  <testcase name="testGetSaldo_whenNumeroCartaoDoesntExist()" classname="aps.microservice.miniautorizador.service.CartaoServiceTest" time="0.002"/>
  <testcase name="testCreateCartao()" classname="aps.microservice.miniautorizador.service.CartaoServiceTest" time="0.004"/>
  <system-out><![CDATA[2023-01-31T11:18:03.676-04:00  WARN 14166 --- [    Test worker] a.m.m.service.CartaoService              : Cartão com o número 1234567890123456 já existe
]]></system-out>
  <system-err><![CDATA[]]></system-err>
</testsuite>
