<?xml version="1.0" encoding="UTF-8"?>
<testsuite name="aps.microservice.miniautorizador.controller.mapper.TransacaoMapperTest" tests="2" skipped="0" failures="0" errors="0" timestamp="2023-01-31T16:16:29" hostname="APs-MacBook-Pro.local" time="0.011">
  <properties/>
  <testcase name="testToEntity()" classname="aps.microservice.miniautorizador.controller.mapper.TransacaoMapperTest" time="0.008"/>
  <testcase name="testToDto()" classname="aps.microservice.miniautorizador.controller.mapper.TransacaoMapperTest" time="0.001"/>
  <system-out><![CDATA[]]></system-out>
  <system-err><![CDATA[]]></system-err>
</testsuite>
