<?xml version="1.0" encoding="UTF-8"?>
<testsuite name="aps.microservice.miniautorizador.MiniautorizadorApplicationTests" tests="1" skipped="0" failures="0" errors="0" timestamp="2023-01-31T16:16:26" hostname="APs-MacBook-Pro.local" time="0.549">
  <properties/>
  <testcase name="contextLoads()" classname="aps.microservice.miniautorizador.MiniautorizadorApplicationTests" time="0.549"/>
  <system-out><![CDATA[12:16:20.928 [Test worker] DEBUG org.springframework.boot.test.context.SpringBootTestContextBootstrapper - Neither @ContextConfiguration nor @ContextHierarchy found for test class [MiniautorizadorApplicationTests]: using SpringBootContextLoader
12:16:20.940 [Test worker] DEBUG org.springframework.test.context.support.AbstractContextLoader - Could not detect default resource locations for test class [aps.microservice.miniautorizador.MiniautorizadorApplicationTests]: no resource found for suffixes {-context.xml, Context.groovy}.
12:16:20.944 [Test worker] INFO org.springframework.test.context.support.AnnotationConfigContextLoaderUtils - Could not detect default configuration classes for test class [aps.microservice.miniautorizador.MiniautorizadorApplicationTests]: MiniautorizadorApplicationTests does not declare any static, non-private, non-final, nested classes annotated with @Configuration.
12:16:20.982 [Test worker] DEBUG org.springframework.boot.test.context.SpringBootTestContextBootstrapper - Using ContextCustomizers for test class [MiniautorizadorApplicationTests]: [DisableObservabilityContextCustomizer, PropertyMappingContextCustomizer, Customizer, ExcludeFilterContextCustomizer, DuplicateJsonObjectContextCustomizer, MockitoContextCustomizer, TestRestTemplateContextCustomizer]
12:16:21.080 [Test worker] DEBUG org.springframework.context.annotation.ClassPathScanningCandidateComponentProvider - Identified candidate component class: file [/Users/anderpaulino/dev/Teste Back-end/mini-autorizador/miniautorizador/build/classes/java/main/aps/microservice/miniautorizador/MiniautorizadorApplication.class]
12:16:21.086 [Test worker] INFO org.springframework.boot.test.context.SpringBootTestContextBootstrapper - Found @SpringBootConfiguration aps.microservice.miniautorizador.MiniautorizadorApplication for test class aps.microservice.miniautorizador.MiniautorizadorApplicationTests
12:16:21.205 [Test worker] DEBUG org.springframework.boot.test.context.SpringBootTestContextBootstrapper - Using TestExecutionListeners for test class [MiniautorizadorApplicationTests]: [ServletTestExecutionListener, DirtiesContextBeforeModesTestExecutionListener, ApplicationEventsTestExecutionListener, MockitoTestExecutionListener, DependencyInjectionTestExecutionListener, DirtiesContextTestExecutionListener, TransactionalTestExecutionListener, SqlScriptsTestExecutionListener, EventPublishingTestExecutionListener, RestDocsTestExecutionListener, MockRestServiceServerResetTestExecutionListener, MockMvcPrintOnlyOnFailureTestExecutionListener, WebDriverTestExecutionListener, MockWebServiceServerTestExecutionListener, ResetMocksTestExecutionListener]
12:16:21.207 [Test worker] DEBUG org.springframework.test.context.support.AbstractDirtiesContextTestExecutionListener - Before test class: class [MiniautorizadorApplicationTests], class annotated with @DirtiesContext [false] with mode [null]

  .   ____          _            __ _ _
 /\\ / ___'_ __ _ _(_)_ __  __ _ \ \ \ \
( ( )\___ | '_ | '_| | '_ \/ _` | \ \ \ \
 \\/  ___)| |_)| | | | | || (_| |  ) ) ) )
  '  |____| .__|_| |_|_| |_\__, | / / / /
 =========|_|==============|___/=/_/_/_/
 :: Spring Boot ::                (v3.0.2)

2023-01-31T12:16:21.585-04:00  INFO 18046 --- [    Test worker] a.m.m.MiniautorizadorApplicationTests    : Starting MiniautorizadorApplicationTests using Java 17.0.6 with PID 18046 (started by anderpaulino in /Users/anderpaulino/dev/Teste Back-end/mini-autorizador/miniautorizador)
2023-01-31T12:16:21.589-04:00  INFO 18046 --- [    Test worker] a.m.m.MiniautorizadorApplicationTests    : No active profile set, falling back to 1 default profile: "default"
2023-01-31T12:16:22.341-04:00  INFO 18046 --- [    Test worker] .s.d.r.c.RepositoryConfigurationDelegate : Bootstrapping Spring Data JPA repositories in DEFAULT mode.
2023-01-31T12:16:22.416-04:00  INFO 18046 --- [    Test worker] .s.d.r.c.RepositoryConfigurationDelegate : Finished Spring Data repository scanning in 60 ms. Found 2 JPA repository interfaces.
2023-01-31T12:16:22.916-04:00  INFO 18046 --- [    Test worker] o.hibernate.jpa.internal.util.LogHelper  : HHH000204: Processing PersistenceUnitInfo [name: default]
2023-01-31T12:16:22.960-04:00  INFO 18046 --- [    Test worker] org.hibernate.Version                    : HHH000412: Hibernate ORM core version 6.1.6.Final
2023-01-31T12:16:23.110-04:00  WARN 18046 --- [    Test worker] org.hibernate.orm.deprecation            : HHH90000021: Encountered deprecated setting [javax.persistence.sharedCache.mode], use [jakarta.persistence.sharedCache.mode] instead
2023-01-31T12:16:23.237-04:00  INFO 18046 --- [    Test worker] com.zaxxer.hikari.HikariDataSource       : HikariPool-1 - Starting...
2023-01-31T12:16:23.831-04:00  INFO 18046 --- [    Test worker] com.zaxxer.hikari.pool.HikariPool        : HikariPool-1 - Added connection com.mysql.cj.jdbc.ConnectionImpl@78eafad
2023-01-31T12:16:23.833-04:00  INFO 18046 --- [    Test worker] com.zaxxer.hikari.HikariDataSource       : HikariPool-1 - Start completed.
2023-01-31T12:16:23.901-04:00  INFO 18046 --- [    Test worker] SQL dialect                              : HHH000400: Using dialect: org.hibernate.dialect.MySQLDialect
2023-01-31T12:16:25.032-04:00  INFO 18046 --- [    Test worker] o.h.e.t.j.p.i.JtaPlatformInitiator       : HHH000490: Using JtaPlatform implementation: [org.hibernate.engine.transaction.jta.platform.internal.NoJtaPlatform]
2023-01-31T12:16:25.042-04:00  INFO 18046 --- [    Test worker] j.LocalContainerEntityManagerFactoryBean : Initialized JPA EntityManagerFactory for persistence unit 'default'
2023-01-31T12:16:25.640-04:00  WARN 18046 --- [    Test worker] JpaBaseConfiguration$JpaWebConfiguration : spring.jpa.open-in-view is enabled by default. Therefore, database queries may be performed during view rendering. Explicitly configure spring.jpa.open-in-view to disable this warning
2023-01-31T12:16:26.008-04:00  INFO 18046 --- [    Test worker] a.m.m.MiniautorizadorApplicationTests    : Started MiniautorizadorApplicationTests in 4.741 seconds (process running for 6.163)
]]></system-out>
  <system-err><![CDATA[]]></system-err>
</testsuite>
