<?xml version="1.0" encoding="UTF-8"?>
<testsuite name="aps.microservice.miniautorizador.MiniautorizadorApplicationTests" tests="1" skipped="0" failures="0" errors="0" timestamp="2023-01-31T15:18:00" hostname="APs-MacBook-Pro.local" time="0.699">
  <properties/>
  <testcase name="contextLoads()" classname="aps.microservice.miniautorizador.MiniautorizadorApplicationTests" time="0.699"/>
  <system-out><![CDATA[11:17:55.411 [Test worker] DEBUG org.springframework.boot.test.context.SpringBootTestContextBootstrapper - Neither @ContextConfiguration nor @ContextHierarchy found for test class [MiniautorizadorApplicationTests]: using SpringBootContextLoader
11:17:55.421 [Test worker] DEBUG org.springframework.test.context.support.AbstractContextLoader - Could not detect default resource locations for test class [aps.microservice.miniautorizador.MiniautorizadorApplicationTests]: no resource found for suffixes {-context.xml, Context.groovy}.
11:17:55.425 [Test worker] INFO org.springframework.test.context.support.AnnotationConfigContextLoaderUtils - Could not detect default configuration classes for test class [aps.microservice.miniautorizador.MiniautorizadorApplicationTests]: MiniautorizadorApplicationTests does not declare any static, non-private, non-final, nested classes annotated with @Configuration.
11:17:55.466 [Test worker] DEBUG org.springframework.boot.test.context.SpringBootTestContextBootstrapper - Using ContextCustomizers for test class [MiniautorizadorApplicationTests]: [DisableObservabilityContextCustomizer, PropertyMappingContextCustomizer, Customizer, ExcludeFilterContextCustomizer, DuplicateJsonObjectContextCustomizer, MockitoContextCustomizer, TestRestTemplateContextCustomizer]
11:17:55.561 [Test worker] DEBUG org.springframework.context.annotation.ClassPathScanningCandidateComponentProvider - Identified candidate component class: file [/Users/anderpaulino/dev/Teste Back-end/mini-autorizador/miniautorizador/build/classes/java/main/aps/microservice/miniautorizador/MiniautorizadorApplication.class]
11:17:55.563 [Test worker] INFO org.springframework.boot.test.context.SpringBootTestContextBootstrapper - Found @SpringBootConfiguration aps.microservice.miniautorizador.MiniautorizadorApplication for test class aps.microservice.miniautorizador.MiniautorizadorApplicationTests
11:17:55.668 [Test worker] DEBUG org.springframework.boot.test.context.SpringBootTestContextBootstrapper - Using TestExecutionListeners for test class [MiniautorizadorApplicationTests]: [ServletTestExecutionListener, DirtiesContextBeforeModesTestExecutionListener, ApplicationEventsTestExecutionListener, MockitoTestExecutionListener, DependencyInjectionTestExecutionListener, DirtiesContextTestExecutionListener, TransactionalTestExecutionListener, SqlScriptsTestExecutionListener, EventPublishingTestExecutionListener, RestDocsTestExecutionListener, MockRestServiceServerResetTestExecutionListener, MockMvcPrintOnlyOnFailureTestExecutionListener, WebDriverTestExecutionListener, MockWebServiceServerTestExecutionListener, ResetMocksTestExecutionListener]
11:17:55.669 [Test worker] DEBUG org.springframework.test.context.support.AbstractDirtiesContextTestExecutionListener - Before test class: class [MiniautorizadorApplicationTests], class annotated with @DirtiesContext [false] with mode [null]

  .   ____          _            __ _ _
 /\\ / ___'_ __ _ _(_)_ __  __ _ \ \ \ \
( ( )\___ | '_ | '_| | '_ \/ _` | \ \ \ \
 \\/  ___)| |_)| | | | | || (_| |  ) ) ) )
  '  |____| .__|_| |_|_| |_\__, | / / / /
 =========|_|==============|___/=/_/_/_/
 :: Spring Boot ::                (v3.0.2)

2023-01-31T11:17:56.015-04:00  INFO 14166 --- [    Test worker] a.m.m.MiniautorizadorApplicationTests    : Starting MiniautorizadorApplicationTests using Java 17.0.6 with PID 14166 (started by anderpaulino in /Users/anderpaulino/dev/Teste Back-end/mini-autorizador/miniautorizador)
2023-01-31T11:17:56.017-04:00  INFO 14166 --- [    Test worker] a.m.m.MiniautorizadorApplicationTests    : No active profile set, falling back to 1 default profile: "default"
2023-01-31T11:17:56.770-04:00  INFO 14166 --- [    Test worker] .s.d.r.c.RepositoryConfigurationDelegate : Bootstrapping Spring Data JPA repositories in DEFAULT mode.
2023-01-31T11:17:56.835-04:00  INFO 14166 --- [    Test worker] .s.d.r.c.RepositoryConfigurationDelegate : Finished Spring Data repository scanning in 56 ms. Found 2 JPA repository interfaces.
2023-01-31T11:17:57.307-04:00  INFO 14166 --- [    Test worker] o.hibernate.jpa.internal.util.LogHelper  : HHH000204: Processing PersistenceUnitInfo [name: default]
2023-01-31T11:17:57.349-04:00  INFO 14166 --- [    Test worker] org.hibernate.Version                    : HHH000412: Hibernate ORM core version 6.1.6.Final
2023-01-31T11:17:57.504-04:00  WARN 14166 --- [    Test worker] org.hibernate.orm.deprecation            : HHH90000021: Encountered deprecated setting [javax.persistence.sharedCache.mode], use [jakarta.persistence.sharedCache.mode] instead
2023-01-31T11:17:57.616-04:00  INFO 14166 --- [    Test worker] com.zaxxer.hikari.HikariDataSource       : HikariPool-1 - Starting...
2023-01-31T11:17:58.081-04:00  INFO 14166 --- [    Test worker] com.zaxxer.hikari.pool.HikariPool        : HikariPool-1 - Added connection com.mysql.cj.jdbc.ConnectionImpl@395281c2
2023-01-31T11:17:58.083-04:00  INFO 14166 --- [    Test worker] com.zaxxer.hikari.HikariDataSource       : HikariPool-1 - Start completed.
2023-01-31T11:17:58.128-04:00  INFO 14166 --- [    Test worker] SQL dialect                              : HHH000400: Using dialect: org.hibernate.dialect.MySQLDialect
2023-01-31T11:17:59.167-04:00  INFO 14166 --- [    Test worker] o.h.e.t.j.p.i.JtaPlatformInitiator       : HHH000490: Using JtaPlatform implementation: [org.hibernate.engine.transaction.jta.platform.internal.NoJtaPlatform]
2023-01-31T11:17:59.176-04:00  INFO 14166 --- [    Test worker] j.LocalContainerEntityManagerFactoryBean : Initialized JPA EntityManagerFactory for persistence unit 'default'
2023-01-31T11:17:59.668-04:00  WARN 14166 --- [    Test worker] JpaBaseConfiguration$JpaWebConfiguration : spring.jpa.open-in-view is enabled by default. Therefore, database queries may be performed during view rendering. Explicitly configure spring.jpa.open-in-view to disable this warning
2023-01-31T11:18:00.061-04:00  INFO 14166 --- [    Test worker] a.m.m.MiniautorizadorApplicationTests    : Started MiniautorizadorApplicationTests in 4.344 seconds (process running for 6.484)
]]></system-out>
  <system-err><![CDATA[]]></system-err>
</testsuite>
